19:09:12.460 [main                     ] DEBUG Logger               - Configured Logger
19:09:12.485 [main                     ] DEBUG GameApplication      - Logging settings
Title: Logic Road Game
Version: 0.1
Width: 960
Height: 640
Fullscreen: false
Intro: false
Profiling: false
Single step:false
App Mode: DEVELOPER
Menu Key: ESCAPE
Stage Style: DECORATED
Scene Factory: class com.almasb.fxgl.app.scene.SceneFactory

19:09:13.060 [JavaFX Application Thread] DEBUG FXGLApplication      - Initializing FXGL
19:09:13.067 [JavaFX Application Thread] INFO  Engine               - FXGL-17.1 (24.03.2022 17.34) on WINDOWS (J:18.0.1.1 FX:18)
19:09:13.068 [JavaFX Application Thread] DEBUG Engine               - JRE Vendor Name: Oracle Corporation
19:09:13.068 [JavaFX Application Thread] DEBUG Engine               - Running on OS: Windows 10 version 10.0
19:09:13.068 [JavaFX Application Thread] DEBUG Engine               - Architecture: amd64
19:09:13.068 [JavaFX Application Thread] INFO  Engine               - Source code and latest versions at: https://github.com/AlmasB/FXGL
19:09:13.068 [JavaFX Application Thread] INFO  Engine               -       Ask questions and discuss at: https://github.com/AlmasB/FXGL/discussions
19:09:13.069 [JavaFX Application Thread] INFO  Engine               -              Join the FXGL chat at: https://gitter.im/AlmasB/FXGL
19:09:13.207 [JavaFX Application Thread] DEBUG PrimaryStageWindow   - Creating a JavaFX scene
19:09:13.259 [JavaFX Application Thread] DEBUG PrimaryStageWindow   - Target settings size: 960.0 x 640.0
19:09:13.260 [JavaFX Application Thread] DEBUG PrimaryStageWindow   - Scaled scene size:    960.0 x 640.0
19:09:13.260 [JavaFX Application Thread] DEBUG PrimaryStageWindow   - Scaled ratio: (1.0, 1.0)
19:09:13.260 [JavaFX Application Thread] DEBUG PrimaryStageWindow   - Set initial scene to FXGLStartupScene
19:09:13.270 [JavaFX Application Thread] DEBUG PrimaryStageWindow   - Opening main window
19:09:13.401 [JavaFX Application Thread] DEBUG PrimaryStageWindow   - Window border size: (13.0, 35.5)
19:09:13.402 [JavaFX Application Thread] DEBUG PrimaryStageWindow   - Scaled size: 960.0 x 640.0
19:09:13.402 [JavaFX Application Thread] DEBUG PrimaryStageWindow   - Scaled ratio: (1.0, 1.0)
19:09:13.403 [JavaFX Application Thread] DEBUG PrimaryStageWindow   - Scene size: 960.0 x 640.0
19:09:13.403 [JavaFX Application Thread] DEBUG PrimaryStageWindow   - Stage size: 973.0 x 675.5
19:09:13.416 [FXGL Background Thread 1 ] DEBUG Engine               - Initializing environment variables
19:09:13.512 [FXGL Background Thread 1 ] DEBUG FXGLAssetLoaderServi - User app class for loading assets: class org.example.Main
19:09:13.512 [FXGL Background Thread 1 ] DEBUG GameApplicationServi - Applying CSS: fxgl_dark.css
19:09:13.514 [FXGL Background Thread 1 ] DEBUG FXGLAssetLoaderServi - Loading from file system: jar:file:/C:/Users/%e6%a2%81%e4%bb%b2%e4%b9%90/.m2/repository/com/github/almasb/fxgl/17.1/fxgl-17.1.jar!/fxglassets/ui/css/fxgl_dark.css
19:09:13.583 [FXGL Background Thread 1 ] DEBUG GameApplicationServi - Initializing application scenes
19:09:13.700 [FXGL Background Thread 1 ] DEBUG GameWorld            - Game world initialized
19:09:13.791 [FXGL Background Thread 1 ] DEBUG PhysicsWorld         - Physics world initialized: appHeight=640, physics.ppm=50.0
19:09:13.794 [FXGL Background Thread 1 ] DEBUG PhysicsWorld         - Using strategy: BRUTE_FORCE
19:09:13.803 [FXGL Background Thread 1 ] DEBUG GameScene            - Game scene initialized: 960x640
19:09:13.819 [FXGL Background Thread 1 ] DEBUG FXGL.DefaultMenu     - createMenuBodyGameMenu()
19:09:13.838 [FXGL Background Thread 1 ] DEBUG FXGL.DefaultMenu     - createOptionsMenu()
19:09:13.850 [FXGL Background Thread 1 ] DEBUG FXGLAssetLoaderServi - Loading from file system: jar:file:/C:/Users/%e6%a2%81%e4%bb%b2%e4%b9%90/.m2/repository/com/github/almasb/fxgl/17.1/fxgl-17.1.jar!/fxglassets/textures/particles/smoke.png
19:09:13.966 [FXGL Background Thread 1 ] DEBUG FXGLAssetLoaderServi - Loading from file system: jar:file:/C:/Users/%e6%a2%81%e4%bb%b2%e4%b9%90/.m2/repository/com/github/almasb/fxgl/17.1/fxgl-17.1.jar!/fxglassets/textures/particles/trace_horizontal.png
19:09:14.008 [FXGL Background Thread 1 ] DEBUG GameApplicationServi - Application scenes initialized
19:09:14.030 [FXGL Background Thread 1 ] DEBUG SystemBundleService  - Loading FXGL system data
19:09:14.037 [FXGL Background Thread 1 ] DEBUG FileSystemAccess     - Reading from: C:\Users\梁仲乐\Desktop\学习\软件开发\2021-2022 Spring\GameCopy0527\system\fxgl.bundle
19:09:14.050 [FXGL Background Thread 1 ] DEBUG SystemBundleService  - Bundle FXGL: {}
19:09:14.050 [FXGL Background Thread 1 ] DEBUG UpdaterService       - Checking for updates
19:09:14.058 [FXGL Background Thread 1 ] DEBUG FXGLApplication      - Loading default localization
19:09:14.059 [FXGL Background Thread 1 ] DEBUG FXGLAssetLoaderServi - Loading from file system: jar:file:/C:/Users/%e6%a2%81%e4%bb%b2%e4%b9%90/.m2/repository/com/github/almasb/fxgl/17.1/fxgl-17.1.jar!/fxglassets/languages/english.lang
19:09:14.066 [FXGL Background Thread 4 ] DEBUG FXGLApplication      - Loading fonts
19:09:14.066 [FXGL Background Thread 4 ] DEBUG FXGLAssetLoaderServi - Loading from file system: jar:file:/C:/Users/%e6%a2%81%e4%bb%b2%e4%b9%90/.m2/repository/com/github/almasb/fxgl/17.1/fxgl-17.1.jar!/fxglassets/ui/fonts/VarelaRound-Regular.ttf
19:09:14.085 [FXGL Background Thread 1 ] INFO  FXGLApplication      - FXGL initialization took: 0.668 sec
19:09:14.087 [JavaFX Application Thread] DEBUG FXGLAssetLoaderServi - Loading from file system: file:/C:/Users/%e6%a2%81%e4%bb%b2%e4%b9%90/Desktop/%e5%ad%a6%e4%b9%a0/%e8%bd%af%e4%bb%b6%e5%bc%80%e5%8f%91/2021-2022%20Spring/GameCopy0527/target/classes/assets/textures/ui/icon.png
19:09:14.116 [JavaFX Application Thread] DEBUG FXGLAssetLoaderServi - Loading from file system: jar:file:/C:/Users/%e6%a2%81%e4%bb%b2%e4%b9%90/.m2/repository/com/github/almasb/fxgl/17.1/fxgl-17.1.jar!/fxglassets/textures/fxgl_default_cursor.png
19:09:14.132 [JavaFX Application Thread] DEBUG Input                - Registered new binding: Screenshot - CTRL+8
19:09:14.133 [JavaFX Application Thread] DEBUG Input                - Registered new binding: System info dump - CTRL+9
19:09:14.135 [JavaFX Application Thread] DEBUG Input                - Registered new binding: Restart - CTRL+R
19:09:14.136 [JavaFX Application Thread] DEBUG Input                - Registered new binding: Toggle Debug Camera - CTRL+7
19:09:14.139 [JavaFX Application Thread] DEBUG LoopRunner           - Starting loop
19:09:14.139 [JavaFX Application Thread] DEBUG LoopRunner           - Initializing JavaFX AnimationTimerLoop
19:09:14.141 [JavaFX Application Thread] DEBUG GameApplicationServi - Starting new game
19:09:14.142 [JavaFX Application Thread] DEBUG Input                - Clearing active input actions
19:09:14.156 [JavaFX Application Thread] DEBUG GameApplicationServi - Removing overlay from FXGLStartupScene and adding to FXGLLoadingScene
19:09:14.157 [JavaFX Application Thread] DEBUG PrimaryStageWindow   - FXGLStartupScene -> FXGLLoadingScene
19:09:14.157 [JavaFX Application Thread] DEBUG GameApplicationServi - Clearing previous game
19:09:14.157 [JavaFX Application Thread] DEBUG GameScene            - Clearing game scene
19:09:14.157 [JavaFX Application Thread] DEBUG GameWorld            - Clearing game world
19:09:14.157 [JavaFX Application Thread] DEBUG PhysicsWorld         - Clearing physics world
19:09:14.159 [FXGL Background Thread 1 ] DEBUG FXGLApplication      - Initializing game
19:09:14.179 [FXGL Background Thread 1 ] DEBUG FXGLAssetLoaderServi - Loading from file system: file:/C:/Users/%e6%a2%81%e4%bb%b2%e4%b9%90/Desktop/%e5%ad%a6%e4%b9%a0/%e8%bd%af%e4%bb%b6%e5%bc%80%e5%8f%91/2021-2022%20Spring/GameCopy0527/target/classes/assets/textures/accessory/box.png
19:09:14.470 [FXGL Background Thread 1 ] DEBUG FXGLAssetLoaderServi - Loading JSON from: file:/C:/Users/%e6%a2%81%e4%bb%b2%e4%b9%90/Desktop/%e5%ad%a6%e4%b9%a0/%e8%bd%af%e4%bb%b6%e5%bc%80%e5%8f%91/2021-2022%20Spring/GameCopy0527/target/classes/assets/data/levelInfo.json
19:09:14.555 [FXGL Background Thread 4 ] DEBUG FXGLAssetLoaderServi - Loading from file system: jar:file:/C:/Users/%e6%a2%81%e4%bb%b2%e4%b9%90/.m2/repository/com/github/almasb/fxgl/17.1/fxgl-17.1.jar!/fxglassets/ui/fonts/Abel-Regular.ttf
19:09:14.561 [FXGL Background Thread 4 ] DEBUG FXGLAssetLoaderServi - Loading from file system: jar:file:/C:/Users/%e6%a2%81%e4%bb%b2%e4%b9%90/.m2/repository/com/github/almasb/fxgl/17.1/fxgl-17.1.jar!/fxglassets/ui/fonts/TerminalLandMono-Regular.otf
19:09:14.567 [FXGL Background Thread 4 ] DEBUG FXGLAssetLoaderServi - Loading from file system: jar:file:/C:/Users/%e6%a2%81%e4%bb%b2%e4%b9%90/.m2/repository/com/github/almasb/fxgl/17.1/fxgl-17.1.jar!/fxglassets/ui/fonts/Courier-Prime.ttf
19:09:14.602 [JavaFX Application Thread] DEBUG FXGLApplication      - Registering font factories with UI factory
19:09:14.914 [FXGL Background Thread 1 ] DEBUG FXGLAssetLoaderServi - Loading from file system: file:/C:/Users/%e6%a2%81%e4%bb%b2%e4%b9%90/Desktop/%e5%ad%a6%e4%b9%a0/%e8%bd%af%e4%bb%b6%e5%bc%80%e5%8f%91/2021-2022%20Spring/GameCopy0527/target/classes/assets/textures/accessory/Bottom.png
19:09:15.000 [FXGL Background Thread 1 ] DEBUG FXGLAssetLoaderServi - Loading from file system: file:/C:/Users/%e6%a2%81%e4%bb%b2%e4%b9%90/Desktop/%e5%ad%a6%e4%b9%a0/%e8%bd%af%e4%bb%b6%e5%bc%80%e5%8f%91/2021-2022%20Spring/GameCopy0527/target/classes/assets/textures/accessory/starting_point.png
19:09:15.017 [FXGL Background Thread 1 ] DEBUG FXGLAssetLoaderServi - Loading from file system: file:/C:/Users/%e6%a2%81%e4%bb%b2%e4%b9%90/Desktop/%e5%ad%a6%e4%b9%a0/%e8%bd%af%e4%bb%b6%e5%bc%80%e5%8f%91/2021-2022%20Spring/GameCopy0527/target/classes/assets/textures/accessory/ending_point.png
19:09:15.038 [FXGL Background Thread 1 ] DEBUG FXGLAssetLoaderServi - Loading from file system: file:/C:/Users/%e6%a2%81%e4%bb%b2%e4%b9%90/Desktop/%e5%ad%a6%e4%b9%a0/%e8%bd%af%e4%bb%b6%e5%bc%80%e5%8f%91/2021-2022%20Spring/GameCopy0527/target/classes/assets/textures/accessory/cross2.png
19:09:15.062 [FXGL Background Thread 1 ] DEBUG FXGLAssetLoaderServi - Loading from file system: file:/C:/Users/%e6%a2%81%e4%bb%b2%e4%b9%90/Desktop/%e5%ad%a6%e4%b9%a0/%e8%bd%af%e4%bb%b6%e5%bc%80%e5%8f%91/2021-2022%20Spring/GameCopy0527/target/classes/assets/textures/accessory/hyperbola.png
19:09:15.077 [FXGL Background Thread 1 ] DEBUG FXGLAssetLoaderServi - Loading from file system: file:/C:/Users/%e6%a2%81%e4%bb%b2%e4%b9%90/Desktop/%e5%ad%a6%e4%b9%a0/%e8%bd%af%e4%bb%b6%e5%bc%80%e5%8f%91/2021-2022%20Spring/GameCopy0527/target/classes/assets/textures/accessory/arc.png
19:09:15.087 [FXGL Background Thread 1 ] DEBUG FXGLAssetLoaderServi - Loading from file system: file:/C:/Users/%e6%a2%81%e4%bb%b2%e4%b9%90/Desktop/%e5%ad%a6%e4%b9%a0/%e8%bd%af%e4%bb%b6%e5%bc%80%e5%8f%91/2021-2022%20Spring/GameCopy0527/target/classes/assets/textures/ui/start.png
19:09:15.094 [FXGL Background Thread 1 ] INFO  FXGLApplication      - Game initialization took: 0.935 sec
19:09:15.101 [JavaFX Application Thread] DEBUG Input                - Clearing active input actions
19:09:15.118 [JavaFX Application Thread] DEBUG GameApplicationServi - Removing overlay from FXGLLoadingScene and adding to GameScene
19:09:15.119 [JavaFX Application Thread] DEBUG PrimaryStageWindow   - FXGLLoadingScene -> GameScene
19:09:17.054 [FXGL Background Thread 3 ] DEBUG Engine               - Logging environment variables
19:09:17.054 [FXGL Background Thread 3 ] DEBUG Engine               - achievements: []
19:09:17.054 [FXGL Background Thread 3 ] DEBUG Engine               - actualHeight: 640.0
19:09:17.055 [FXGL Background Thread 3 ] DEBUG Engine               - actualHeightProperty: ReadOnlyDoubleProperty [value: 640.0]
19:09:17.055 [FXGL Background Thread 3 ] DEBUG Engine               - actualWidth: 960.0
19:09:17.055 [FXGL Background Thread 3 ] DEBUG Engine               - actualWidthProperty: ReadOnlyDoubleProperty [value: 960.0]
19:09:17.055 [FXGL Background Thread 3 ] DEBUG Engine               - appIcon: ui/icon.png
19:09:17.055 [FXGL Background Thread 3 ] DEBUG Engine               - applicationMode: DEVELOPER
19:09:17.055 [FXGL Background Thread 3 ] DEBUG Engine               - cSSList: [fxgl_dark.css]
19:09:17.055 [FXGL Background Thread 3 ] DEBUG Engine               - collisionDetectionStrategy: BRUTE_FORCE
19:09:17.055 [FXGL Background Thread 3 ] DEBUG Engine               - configClass: Optional.empty
19:09:17.055 [FXGL Background Thread 3 ] DEBUG Engine               - credits: []
19:09:17.056 [FXGL Background Thread 3 ] DEBUG Engine               - defaultCursor: CursorInfo(imageName=fxgl_default_cursor.png, hotspotX=7.0, hotspotY=6.0)
19:09:17.056 [FXGL Background Thread 3 ] DEBUG Engine               - devBBoxColorProperty: ObjectProperty [value: 0xff0000ff]
19:09:17.056 [FXGL Background Thread 3 ] DEBUG Engine               - devEnableDebugCameraProperty: BooleanProperty [value: false]
19:09:17.056 [FXGL Background Thread 3 ] DEBUG Engine               - devSensorColorProperty: ObjectProperty [value: 0xffff00ff]
19:09:17.056 [FXGL Background Thread 3 ] DEBUG Engine               - devShowBBoxProperty: BooleanProperty [value: false]
19:09:17.056 [FXGL Background Thread 3 ] DEBUG Engine               - devShowPositionProperty: BooleanProperty [value: false]
19:09:17.056 [FXGL Background Thread 3 ] DEBUG Engine               - enabledMenuItems: []
19:09:17.056 [FXGL Background Thread 3 ] DEBUG Engine               - engineServices: [class com.almasb.fxgl.app.services.FXGLAssetLoaderService, class com.almasb.fxgl.app.FXGLApplication$GameApplicationService, class com.almasb.fxgl.app.services.FXGLDialogService, class com.almasb.fxgl.app.services.IOTaskExecutorService, class com.almasb.fxgl.io.FileSystemService, class com.almasb.fxgl.localization.LocalizationService, class com.almasb.fxgl.app.services.SystemBundleService, class com.almasb.fxgl.profile.SaveLoadService, class com.almasb.fxgl.ui.FXGLUIFactoryServiceProvider, class com.almasb.fxgl.ui.FXGLDialogFactoryServiceProvider, class com.almasb.fxgl.audio.AudioPlayer, class com.almasb.fxgl.notification.impl.NotificationServiceProvider, class com.almasb.fxgl.achievement.AchievementService, class com.almasb.fxgl.cutscene.CutsceneService, class com.almasb.fxgl.minigames.MiniGameService, class com.almasb.fxgl.net.NetService, class com.almasb.fxgl.app.services.UpdaterService, class com.almasb.fxgl.dev.DevService]
19:09:17.056 [FXGL Background Thread 3 ] DEBUG Engine               - fontGame: Abel-Regular.ttf
19:09:17.056 [FXGL Background Thread 3 ] DEBUG Engine               - fontMono: TerminalLandMono-Regular.otf
19:09:17.056 [FXGL Background Thread 3 ] DEBUG Engine               - fontText: Courier-Prime.ttf
19:09:17.056 [FXGL Background Thread 3 ] DEBUG Engine               - fontUI: VarelaRound-Regular.ttf
19:09:17.056 [FXGL Background Thread 3 ] DEBUG Engine               - fullScreen: BooleanProperty [value: false]
19:09:17.056 [FXGL Background Thread 3 ] DEBUG Engine               - gameDifficulty: MEDIUM
19:09:17.056 [FXGL Background Thread 3 ] DEBUG Engine               - gameDifficultyProperty: ObjectProperty [value: MEDIUM]
19:09:17.057 [FXGL Background Thread 3 ] DEBUG Engine               - globalMusicVolume: 0.5
19:09:17.057 [FXGL Background Thread 3 ] DEBUG Engine               - globalMusicVolumeProperty: DoubleProperty [value: 0.1]
19:09:17.057 [FXGL Background Thread 3 ] DEBUG Engine               - globalSoundVolume: 0.5
19:09:17.057 [FXGL Background Thread 3 ] DEBUG Engine               - globalSoundVolumeProperty: DoubleProperty [value: 0.1]
19:09:17.057 [FXGL Background Thread 3 ] DEBUG Engine               - height: 640
19:09:17.057 [FXGL Background Thread 3 ] DEBUG Engine               - is3D: false
19:09:17.057 [FXGL Background Thread 3 ] DEBUG Engine               - isAndroid: false
19:09:17.057 [FXGL Background Thread 3 ] DEBUG Engine               - isBrowser: false
19:09:17.057 [FXGL Background Thread 3 ] DEBUG Engine               - isClickFeedbackEnabled: false
19:09:17.057 [FXGL Background Thread 3 ] DEBUG Engine               - isCloseConfirmation: false
19:09:17.057 [FXGL Background Thread 3 ] DEBUG Engine               - isDesktop: true
19:09:17.057 [FXGL Background Thread 3 ] DEBUG Engine               - isDeveloperMenuEnabled: false
19:09:17.057 [FXGL Background Thread 3 ] DEBUG Engine               - isEmbedded: false
19:09:17.057 [FXGL Background Thread 3 ] DEBUG Engine               - isEntityPreloadEnabled: true
19:09:17.057 [FXGL Background Thread 3 ] DEBUG Engine               - isExperimentalTiledLargeMap: false
19:09:17.057 [FXGL Background Thread 3 ] DEBUG Engine               - isFileSystemWriteAllowed: true
19:09:17.058 [FXGL Background Thread 3 ] DEBUG Engine               - isFullScreenAllowed: false
19:09:17.058 [FXGL Background Thread 3 ] DEBUG Engine               - isFullScreenFromStart: false
19:09:17.058 [FXGL Background Thread 3 ] DEBUG Engine               - isGameMenuEnabled: true
19:09:17.058 [FXGL Background Thread 3 ] DEBUG Engine               - isIOS: false
19:09:17.058 [FXGL Background Thread 3 ] DEBUG Engine               - isIntroEnabled: false
19:09:17.058 [FXGL Background Thread 3 ] DEBUG Engine               - isLinux: false
19:09:17.058 [FXGL Background Thread 3 ] DEBUG Engine               - isMac: false
19:09:17.058 [FXGL Background Thread 3 ] DEBUG Engine               - isMainMenuEnabled: false
19:09:17.058 [FXGL Background Thread 3 ] DEBUG Engine               - isManualResizeEnabled: false
19:09:17.058 [FXGL Background Thread 3 ] DEBUG Engine               - isMobile: false
19:09:17.058 [FXGL Background Thread 3 ] DEBUG Engine               - isNative: false
19:09:17.058 [FXGL Background Thread 3 ] DEBUG Engine               - isPauseMusicWhenMinimized: true
19:09:17.059 [FXGL Background Thread 3 ] DEBUG Engine               - isPreserveResizeRatio: false
19:09:17.059 [FXGL Background Thread 3 ] DEBUG Engine               - isProfilingEnabled: false
19:09:17.059 [FXGL Background Thread 3 ] DEBUG Engine               - isScaleAffectedOnResize: true
19:09:17.059 [FXGL Background Thread 3 ] DEBUG Engine               - isSingleStep: false
19:09:17.059 [FXGL Background Thread 3 ] DEBUG Engine               - isUserProfileEnabled: false
19:09:17.059 [FXGL Background Thread 3 ] DEBUG Engine               - isWindows: true
19:09:17.059 [FXGL Background Thread 3 ] DEBUG Engine               - language: ObjectProperty [value: ENGLISH]
19:09:17.059 [FXGL Background Thread 3 ] DEBUG Engine               - menuKey: ESCAPE
19:09:17.059 [FXGL Background Thread 3 ] DEBUG Engine               - mouseSensitivity: 0.2
19:09:17.059 [FXGL Background Thread 3 ] DEBUG Engine               - notificationViewClass: class com.almasb.fxgl.notification.view.XboxNotificationView
19:09:17.059 [FXGL Background Thread 3 ] DEBUG Engine               - pixelsPerMeter: 50.0
19:09:17.059 [FXGL Background Thread 3 ] DEBUG Engine               - platform: WINDOWS
19:09:17.059 [FXGL Background Thread 3 ] DEBUG Engine               - prefHeightProperty: ReadOnlyDoubleProperty [value: 640.0]
19:09:17.059 [FXGL Background Thread 3 ] DEBUG Engine               - prefWidthProperty: ReadOnlyDoubleProperty [value: 960.0]
19:09:17.059 [FXGL Background Thread 3 ] DEBUG Engine               - profileDir: profiles/
19:09:17.059 [FXGL Background Thread 3 ] DEBUG Engine               - profileName: StringProperty [value: DEFAULT]
19:09:17.059 [FXGL Background Thread 3 ] DEBUG Engine               - randomSeed: -1
19:09:17.060 [FXGL Background Thread 3 ] DEBUG Engine               - runtimeInfo: RuntimeInfo(platform=WINDOWS, version=17.1, build=24.03.2022 17.34)
19:09:17.060 [FXGL Background Thread 3 ] DEBUG Engine               - saveFileExt: sav
19:09:17.060 [FXGL Background Thread 3 ] DEBUG Engine               - scaledHeightProp$fxgl: DoubleProperty [bound, value: 640.0]
19:09:17.060 [FXGL Background Thread 3 ] DEBUG Engine               - scaledWidthProp$fxgl: DoubleProperty [bound, value: 960.0]
19:09:17.060 [FXGL Background Thread 3 ] DEBUG Engine               - sceneFactory: com.almasb.fxgl.app.scene.SceneFactory@7cc12937
19:09:17.060 [FXGL Background Thread 3 ] DEBUG Engine               - secondsIn24h: 60
19:09:17.060 [FXGL Background Thread 3 ] DEBUG Engine               - soundMenuBack: menu/back.wav
19:09:17.060 [FXGL Background Thread 3 ] DEBUG Engine               - soundMenuPress: menu/press.wav
19:09:17.060 [FXGL Background Thread 3 ] DEBUG Engine               - soundMenuSelect: menu/select.wav
19:09:17.060 [FXGL Background Thread 3 ] DEBUG Engine               - soundNotification: core/notification.wav
19:09:17.060 [FXGL Background Thread 3 ] DEBUG Engine               - stageStyle: DECORATED
19:09:17.060 [FXGL Background Thread 3 ] DEBUG Engine               - supportedLanguages: [ENGLISH, FRENCH, GERMAN, HUNGARIAN, RUSSIAN]
19:09:17.060 [FXGL Background Thread 3 ] DEBUG Engine               - ticksPerSecond: -1
19:09:17.060 [FXGL Background Thread 3 ] DEBUG Engine               - title: Logic Road Game
19:09:17.060 [FXGL Background Thread 3 ] DEBUG Engine               - urlGithub: https://github.com/AlmasB/FXGL
19:09:17.061 [FXGL Background Thread 3 ] DEBUG Engine               - urlLeaderboard: http://fxgl-top.herokuapp.com/
19:09:17.061 [FXGL Background Thread 3 ] DEBUG Engine               - urlPOM: https://raw.githubusercontent.com/AlmasB/FXGL/release/README.md
19:09:17.061 [FXGL Background Thread 3 ] DEBUG Engine               - userAppClass: class org.example.Main
19:09:17.061 [FXGL Background Thread 3 ] DEBUG Engine               - version: 0.1
19:09:17.061 [FXGL Background Thread 3 ] DEBUG Engine               - versionCheckDays: 7
19:09:17.061 [FXGL Background Thread 3 ] DEBUG Engine               - width: 960
19:09:17.061 [FXGL Background Thread 3 ] DEBUG Engine               - Logging services
19:09:17.061 [FXGL Background Thread 3 ] DEBUG Engine               - class com.almasb.fxgl.app.services.FXGLAssetLoaderService
19:09:17.061 [FXGL Background Thread 3 ] DEBUG Engine               - class com.almasb.fxgl.app.FXGLApplication$GameApplicationService
19:09:17.061 [FXGL Background Thread 3 ] DEBUG Engine               - class com.almasb.fxgl.app.services.FXGLDialogService
19:09:17.061 [FXGL Background Thread 3 ] DEBUG Engine               - class com.almasb.fxgl.app.services.IOTaskExecutorService
19:09:17.061 [FXGL Background Thread 3 ] DEBUG Engine               - class com.almasb.fxgl.io.FileSystemService
19:09:17.061 [FXGL Background Thread 3 ] DEBUG Engine               - class com.almasb.fxgl.localization.LocalizationService
19:09:17.061 [FXGL Background Thread 3 ] DEBUG Engine               - class com.almasb.fxgl.app.services.SystemBundleService
19:09:17.061 [FXGL Background Thread 3 ] DEBUG Engine               - class com.almasb.fxgl.profile.SaveLoadService
19:09:17.061 [FXGL Background Thread 3 ] DEBUG Engine               - class com.almasb.fxgl.ui.FXGLUIFactoryServiceProvider
19:09:17.061 [FXGL Background Thread 3 ] DEBUG Engine               - class com.almasb.fxgl.ui.FXGLDialogFactoryServiceProvider
19:09:17.061 [FXGL Background Thread 3 ] DEBUG Engine               - class com.almasb.fxgl.audio.AudioPlayer
19:09:17.061 [FXGL Background Thread 3 ] DEBUG Engine               - class com.almasb.fxgl.notification.impl.NotificationServiceProvider
19:09:17.061 [FXGL Background Thread 3 ] DEBUG Engine               - class com.almasb.fxgl.achievement.AchievementService
19:09:17.061 [FXGL Background Thread 3 ] DEBUG Engine               - class com.almasb.fxgl.cutscene.CutsceneService
19:09:17.062 [FXGL Background Thread 3 ] DEBUG Engine               - class com.almasb.fxgl.minigames.MiniGameService
19:09:17.062 [FXGL Background Thread 3 ] DEBUG Engine               - class com.almasb.fxgl.net.NetService
19:09:17.062 [FXGL Background Thread 3 ] DEBUG Engine               - class com.almasb.fxgl.app.services.UpdaterService
19:09:17.062 [FXGL Background Thread 3 ] DEBUG Engine               - class com.almasb.fxgl.dev.DevService
19:10:11.580 [FXGL Background Thread 2 ] WARN  UpdaterService       - Failed to find updates: java.net.SocketException: 你的主机中的软件中止了一个已建立的连接。
19:11:09.059 [JavaFX Application Thread] DEBUG FXGLApplication      - Exiting FXGL
19:11:09.059 [JavaFX Application Thread] DEBUG LoopRunner           - Stopping loop
19:11:09.059 [JavaFX Application Thread] DEBUG SystemBundleService  - Saving FXGL system data
19:11:09.062 [JavaFX Application Thread] DEBUG FileSystemAccess     - Writing to: C:\Users\梁仲乐\Desktop\学习\软件开发\2021-2022 Spring\GameCopy0527\system\fxgl.bundle
19:11:09.065 [JavaFX Application Thread] DEBUG Async                - Shutting down background threads
19:11:09.065 [JavaFX Application Thread] DEBUG PrimaryStageWindow   - Closing main window
19:11:09.086 [JavaFX Application Thread] DEBUG Logger               - Closing Logger
