17:39:51.547 [main                     ] DEBUG Logger               - Configured Logger
17:39:51.585 [main                     ] DEBUG GameApplication      - Logging settings
Title: Logic Road Game
Version: 0.1
Width: 960
Height: 640
Fullscreen: false
Intro: false
Profiling: false
Single step:false
App Mode: DEVELOPER
Menu Key: ESCAPE
Stage Style: DECORATED
Scene Factory: class com.almasb.fxgl.app.scene.SceneFactory

17:39:52.316 [JavaFX Application Thread] DEBUG FXGLApplication      - Initializing FXGL
17:39:52.327 [JavaFX Application Thread] INFO  Engine               - FXGL-17.1 (24.03.2022 17.34) on WINDOWS (J:18.0.1.1 FX:18)
17:39:52.328 [JavaFX Application Thread] DEBUG Engine               - JRE Vendor Name: Oracle Corporation
17:39:52.328 [JavaFX Application Thread] DEBUG Engine               - Running on OS: Windows 10 version 10.0
17:39:52.329 [JavaFX Application Thread] DEBUG Engine               - Architecture: amd64
17:39:52.329 [JavaFX Application Thread] INFO  Engine               - Source code and latest versions at: https://github.com/AlmasB/FXGL
17:39:52.329 [JavaFX Application Thread] INFO  Engine               -       Ask questions and discuss at: https://github.com/AlmasB/FXGL/discussions
17:39:52.329 [JavaFX Application Thread] INFO  Engine               -              Join the FXGL chat at: https://gitter.im/AlmasB/FXGL
17:39:52.547 [JavaFX Application Thread] DEBUG PrimaryStageWindow   - Creating a JavaFX scene
17:39:52.632 [JavaFX Application Thread] DEBUG PrimaryStageWindow   - Target settings size: 960.0 x 640.0
17:39:52.632 [JavaFX Application Thread] DEBUG PrimaryStageWindow   - Scaled scene size:    960.0 x 640.0
17:39:52.633 [JavaFX Application Thread] DEBUG PrimaryStageWindow   - Scaled ratio: (1.0, 1.0)
17:39:52.634 [JavaFX Application Thread] DEBUG PrimaryStageWindow   - Set initial scene to FXGLStartupScene
17:39:52.647 [JavaFX Application Thread] DEBUG PrimaryStageWindow   - Opening main window
17:39:52.821 [JavaFX Application Thread] DEBUG PrimaryStageWindow   - Window border size: (13.0, 35.5)
17:39:52.822 [JavaFX Application Thread] DEBUG PrimaryStageWindow   - Scaled size: 960.0 x 640.0
17:39:52.823 [JavaFX Application Thread] DEBUG PrimaryStageWindow   - Scaled ratio: (1.0, 1.0)
17:39:52.823 [JavaFX Application Thread] DEBUG PrimaryStageWindow   - Scene size: 960.0 x 640.0
17:39:52.824 [JavaFX Application Thread] DEBUG PrimaryStageWindow   - Stage size: 973.0 x 675.5
17:39:52.843 [FXGL Background Thread 1 ] DEBUG Engine               - Initializing environment variables
17:39:52.962 [FXGL Background Thread 1 ] DEBUG FXGLAssetLoaderServi - User app class for loading assets: class org.example.Main
17:39:52.962 [FXGL Background Thread 1 ] DEBUG GameApplicationServi - Applying CSS: fxgl_dark.css
17:39:52.964 [FXGL Background Thread 1 ] DEBUG FXGLAssetLoaderServi - Loading from file system: jar:file:/C:/Users/%e6%a2%81%e4%bb%b2%e4%b9%90/.m2/repository/com/github/almasb/fxgl/17.1/fxgl-17.1.jar!/fxglassets/ui/css/fxgl_dark.css
17:39:53.049 [FXGL Background Thread 1 ] DEBUG GameApplicationServi - Initializing application scenes
17:39:53.159 [FXGL Background Thread 1 ] DEBUG GameWorld            - Game world initialized
17:39:53.265 [FXGL Background Thread 1 ] DEBUG PhysicsWorld         - Physics world initialized: appHeight=640, physics.ppm=50.0
17:39:53.265 [FXGL Background Thread 1 ] DEBUG PhysicsWorld         - Using strategy: BRUTE_FORCE
17:39:53.274 [FXGL Background Thread 1 ] DEBUG GameScene            - Game scene initialized: 960x640
17:39:53.296 [FXGL Background Thread 1 ] DEBUG FXGL.DefaultMenu     - createMenuBodyGameMenu()
17:39:53.331 [FXGL Background Thread 1 ] DEBUG FXGL.DefaultMenu     - createOptionsMenu()
17:39:53.348 [FXGL Background Thread 1 ] DEBUG FXGLAssetLoaderServi - Loading from file system: jar:file:/C:/Users/%e6%a2%81%e4%bb%b2%e4%b9%90/.m2/repository/com/github/almasb/fxgl/17.1/fxgl-17.1.jar!/fxglassets/textures/particles/smoke.png
17:39:53.516 [FXGL Background Thread 1 ] DEBUG FXGLAssetLoaderServi - Loading from file system: jar:file:/C:/Users/%e6%a2%81%e4%bb%b2%e4%b9%90/.m2/repository/com/github/almasb/fxgl/17.1/fxgl-17.1.jar!/fxglassets/textures/particles/trace_horizontal.png
17:39:53.585 [FXGL Background Thread 1 ] DEBUG GameApplicationServi - Application scenes initialized
17:39:53.608 [FXGL Background Thread 1 ] DEBUG SystemBundleService  - Loading FXGL system data
17:39:53.615 [FXGL Background Thread 1 ] DEBUG FileSystemAccess     - Reading from: C:\Users\梁仲乐\Desktop\学习\软件开发\2021-2022 Spring\GameCopy0527\system\fxgl.bundle
17:39:53.626 [FXGL Background Thread 1 ] DEBUG SystemBundleService  - Bundle FXGL: {}
17:39:53.626 [FXGL Background Thread 1 ] DEBUG UpdaterService       - Checking for updates
17:39:53.632 [FXGL Background Thread 4 ] DEBUG FXGLApplication      - Loading fonts
17:39:53.632 [FXGL Background Thread 1 ] DEBUG FXGLApplication      - Loading default localization
17:39:53.632 [FXGL Background Thread 4 ] DEBUG FXGLAssetLoaderServi - Loading from file system: jar:file:/C:/Users/%e6%a2%81%e4%bb%b2%e4%b9%90/.m2/repository/com/github/almasb/fxgl/17.1/fxgl-17.1.jar!/fxglassets/ui/fonts/VarelaRound-Regular.ttf
17:39:53.633 [FXGL Background Thread 1 ] DEBUG FXGLAssetLoaderServi - Loading from file system: jar:file:/C:/Users/%e6%a2%81%e4%bb%b2%e4%b9%90/.m2/repository/com/github/almasb/fxgl/17.1/fxgl-17.1.jar!/fxglassets/languages/english.lang
17:39:53.666 [FXGL Background Thread 1 ] INFO  FXGLApplication      - FXGL initialization took: 0.821 sec
17:39:53.668 [JavaFX Application Thread] DEBUG FXGLAssetLoaderServi - Loading from file system: file:/C:/Users/%e6%a2%81%e4%bb%b2%e4%b9%90/Desktop/%e5%ad%a6%e4%b9%a0/%e8%bd%af%e4%bb%b6%e5%bc%80%e5%8f%91/2021-2022%20Spring/GameCopy0527/target/classes/assets/textures/ui/icon.png
17:39:53.700 [JavaFX Application Thread] DEBUG FXGLAssetLoaderServi - Loading from file system: jar:file:/C:/Users/%e6%a2%81%e4%bb%b2%e4%b9%90/.m2/repository/com/github/almasb/fxgl/17.1/fxgl-17.1.jar!/fxglassets/textures/fxgl_default_cursor.png
17:39:53.716 [JavaFX Application Thread] DEBUG Input                - Registered new binding: Screenshot - CTRL+8
17:39:53.716 [JavaFX Application Thread] DEBUG Input                - Registered new binding: System info dump - CTRL+9
17:39:53.718 [JavaFX Application Thread] DEBUG Input                - Registered new binding: Restart - CTRL+R
17:39:53.718 [JavaFX Application Thread] DEBUG Input                - Registered new binding: Toggle Debug Camera - CTRL+7
17:39:53.722 [JavaFX Application Thread] DEBUG LoopRunner           - Starting loop
17:39:53.722 [JavaFX Application Thread] DEBUG LoopRunner           - Initializing JavaFX AnimationTimerLoop
17:39:53.724 [JavaFX Application Thread] DEBUG GameApplicationServi - Starting new game
17:39:53.725 [JavaFX Application Thread] DEBUG Input                - Clearing active input actions
17:39:53.739 [JavaFX Application Thread] DEBUG GameApplicationServi - Removing overlay from FXGLStartupScene and adding to FXGLLoadingScene
17:39:53.740 [JavaFX Application Thread] DEBUG PrimaryStageWindow   - FXGLStartupScene -> FXGLLoadingScene
17:39:53.740 [JavaFX Application Thread] DEBUG GameApplicationServi - Clearing previous game
17:39:53.740 [JavaFX Application Thread] DEBUG GameScene            - Clearing game scene
17:39:53.740 [JavaFX Application Thread] DEBUG GameWorld            - Clearing game world
17:39:53.740 [JavaFX Application Thread] DEBUG PhysicsWorld         - Clearing physics world
17:39:53.742 [FXGL Background Thread 1 ] DEBUG FXGLApplication      - Initializing game
17:39:53.754 [FXGL Background Thread 1 ] DEBUG FXGLAssetLoaderServi - Loading from file system: file:/C:/Users/%e6%a2%81%e4%bb%b2%e4%b9%90/Desktop/%e5%ad%a6%e4%b9%a0/%e8%bd%af%e4%bb%b6%e5%bc%80%e5%8f%91/2021-2022%20Spring/GameCopy0527/target/classes/assets/textures/accessory/box.png
17:39:53.882 [FXGL Background Thread 4 ] DEBUG FXGLAssetLoaderServi - Loading from file system: jar:file:/C:/Users/%e6%a2%81%e4%bb%b2%e4%b9%90/.m2/repository/com/github/almasb/fxgl/17.1/fxgl-17.1.jar!/fxglassets/ui/fonts/Abel-Regular.ttf
17:39:53.897 [FXGL Background Thread 4 ] DEBUG FXGLAssetLoaderServi - Loading from file system: jar:file:/C:/Users/%e6%a2%81%e4%bb%b2%e4%b9%90/.m2/repository/com/github/almasb/fxgl/17.1/fxgl-17.1.jar!/fxglassets/ui/fonts/TerminalLandMono-Regular.otf
17:39:53.910 [FXGL Background Thread 4 ] DEBUG FXGLAssetLoaderServi - Loading from file system: jar:file:/C:/Users/%e6%a2%81%e4%bb%b2%e4%b9%90/.m2/repository/com/github/almasb/fxgl/17.1/fxgl-17.1.jar!/fxglassets/ui/fonts/Courier-Prime.ttf
17:39:53.932 [JavaFX Application Thread] DEBUG FXGLApplication      - Registering font factories with UI factory
17:39:54.043 [FXGL Background Thread 1 ] DEBUG FXGLAssetLoaderServi - Loading JSON from: file:/C:/Users/%e6%a2%81%e4%bb%b2%e4%b9%90/Desktop/%e5%ad%a6%e4%b9%a0/%e8%bd%af%e4%bb%b6%e5%bc%80%e5%8f%91/2021-2022%20Spring/GameCopy0527/target/classes/assets/data/levelInfo.json
17:39:54.410 [FXGL Background Thread 1 ] DEBUG FXGLAssetLoaderServi - Loading from file system: file:/C:/Users/%e6%a2%81%e4%bb%b2%e4%b9%90/Desktop/%e5%ad%a6%e4%b9%a0/%e8%bd%af%e4%bb%b6%e5%bc%80%e5%8f%91/2021-2022%20Spring/GameCopy0527/target/classes/assets/textures/accessory/Bottom.png
17:39:54.503 [FXGL Background Thread 1 ] DEBUG FXGLAssetLoaderServi - Loading from file system: file:/C:/Users/%e6%a2%81%e4%bb%b2%e4%b9%90/Desktop/%e5%ad%a6%e4%b9%a0/%e8%bd%af%e4%bb%b6%e5%bc%80%e5%8f%91/2021-2022%20Spring/GameCopy0527/target/classes/assets/textures/accessory/starting_point.png
17:39:54.521 [FXGL Background Thread 1 ] DEBUG FXGLAssetLoaderServi - Loading from file system: file:/C:/Users/%e6%a2%81%e4%bb%b2%e4%b9%90/Desktop/%e5%ad%a6%e4%b9%a0/%e8%bd%af%e4%bb%b6%e5%bc%80%e5%8f%91/2021-2022%20Spring/GameCopy0527/target/classes/assets/textures/accessory/ending_point.png
17:39:54.535 [FXGL Background Thread 1 ] DEBUG FXGLAssetLoaderServi - Loading from file system: file:/C:/Users/%e6%a2%81%e4%bb%b2%e4%b9%90/Desktop/%e5%ad%a6%e4%b9%a0/%e8%bd%af%e4%bb%b6%e5%bc%80%e5%8f%91/2021-2022%20Spring/GameCopy0527/target/classes/assets/textures/accessory/cross2.png
17:39:54.562 [FXGL Background Thread 1 ] DEBUG FXGLAssetLoaderServi - Loading from file system: file:/C:/Users/%e6%a2%81%e4%bb%b2%e4%b9%90/Desktop/%e5%ad%a6%e4%b9%a0/%e8%bd%af%e4%bb%b6%e5%bc%80%e5%8f%91/2021-2022%20Spring/GameCopy0527/target/classes/assets/textures/accessory/hyperbola.png
17:39:54.577 [FXGL Background Thread 1 ] DEBUG FXGLAssetLoaderServi - Loading from file system: file:/C:/Users/%e6%a2%81%e4%bb%b2%e4%b9%90/Desktop/%e5%ad%a6%e4%b9%a0/%e8%bd%af%e4%bb%b6%e5%bc%80%e5%8f%91/2021-2022%20Spring/GameCopy0527/target/classes/assets/textures/accessory/arc.png
17:39:54.588 [FXGL Background Thread 1 ] DEBUG FXGLAssetLoaderServi - Loading from file system: file:/C:/Users/%e6%a2%81%e4%bb%b2%e4%b9%90/Desktop/%e5%ad%a6%e4%b9%a0/%e8%bd%af%e4%bb%b6%e5%bc%80%e5%8f%91/2021-2022%20Spring/GameCopy0527/target/classes/assets/textures/ui/start.png
17:39:54.595 [FXGL Background Thread 1 ] INFO  FXGLApplication      - Game initialization took: 0.852 sec
17:39:54.597 [JavaFX Application Thread] DEBUG Input                - Clearing active input actions
17:39:54.624 [JavaFX Application Thread] DEBUG GameApplicationServi - Removing overlay from FXGLLoadingScene and adding to GameScene
17:39:54.625 [JavaFX Application Thread] DEBUG PrimaryStageWindow   - FXGLLoadingScene -> GameScene
17:39:56.631 [FXGL Background Thread 3 ] DEBUG Engine               - Logging environment variables
17:39:56.632 [FXGL Background Thread 3 ] DEBUG Engine               - achievements: []
17:39:56.633 [FXGL Background Thread 3 ] DEBUG Engine               - actualHeight: 640.0
17:39:56.634 [FXGL Background Thread 3 ] DEBUG Engine               - actualHeightProperty: ReadOnlyDoubleProperty [value: 640.0]
17:39:56.634 [FXGL Background Thread 3 ] DEBUG Engine               - actualWidth: 960.0
17:39:56.634 [FXGL Background Thread 3 ] DEBUG Engine               - actualWidthProperty: ReadOnlyDoubleProperty [value: 960.0]
17:39:56.634 [FXGL Background Thread 3 ] DEBUG Engine               - appIcon: ui/icon.png
17:39:56.635 [FXGL Background Thread 3 ] DEBUG Engine               - applicationMode: DEVELOPER
17:39:56.635 [FXGL Background Thread 3 ] DEBUG Engine               - cSSList: [fxgl_dark.css]
17:39:56.635 [FXGL Background Thread 3 ] DEBUG Engine               - collisionDetectionStrategy: BRUTE_FORCE
17:39:56.635 [FXGL Background Thread 3 ] DEBUG Engine               - configClass: Optional.empty
17:39:56.636 [FXGL Background Thread 3 ] DEBUG Engine               - credits: []
17:39:56.637 [FXGL Background Thread 3 ] DEBUG Engine               - defaultCursor: CursorInfo(imageName=fxgl_default_cursor.png, hotspotX=7.0, hotspotY=6.0)
17:39:56.637 [FXGL Background Thread 3 ] DEBUG Engine               - devBBoxColorProperty: ObjectProperty [value: 0xff0000ff]
17:39:56.638 [FXGL Background Thread 3 ] DEBUG Engine               - devEnableDebugCameraProperty: BooleanProperty [value: false]
17:39:56.639 [FXGL Background Thread 3 ] DEBUG Engine               - devSensorColorProperty: ObjectProperty [value: 0xffff00ff]
17:39:56.639 [FXGL Background Thread 3 ] DEBUG Engine               - devShowBBoxProperty: BooleanProperty [value: false]
17:39:56.639 [FXGL Background Thread 3 ] DEBUG Engine               - devShowPositionProperty: BooleanProperty [value: false]
17:39:56.639 [FXGL Background Thread 3 ] DEBUG Engine               - enabledMenuItems: []
17:39:56.639 [FXGL Background Thread 3 ] DEBUG Engine               - engineServices: [class com.almasb.fxgl.app.services.FXGLAssetLoaderService, class com.almasb.fxgl.app.FXGLApplication$GameApplicationService, class com.almasb.fxgl.app.services.FXGLDialogService, class com.almasb.fxgl.app.services.IOTaskExecutorService, class com.almasb.fxgl.io.FileSystemService, class com.almasb.fxgl.localization.LocalizationService, class com.almasb.fxgl.app.services.SystemBundleService, class com.almasb.fxgl.profile.SaveLoadService, class com.almasb.fxgl.ui.FXGLUIFactoryServiceProvider, class com.almasb.fxgl.ui.FXGLDialogFactoryServiceProvider, class com.almasb.fxgl.audio.AudioPlayer, class com.almasb.fxgl.notification.impl.NotificationServiceProvider, class com.almasb.fxgl.achievement.AchievementService, class com.almasb.fxgl.cutscene.CutsceneService, class com.almasb.fxgl.minigames.MiniGameService, class com.almasb.fxgl.net.NetService, class com.almasb.fxgl.app.services.UpdaterService, class com.almasb.fxgl.dev.DevService]
17:39:56.640 [FXGL Background Thread 3 ] DEBUG Engine               - fontGame: Abel-Regular.ttf
17:39:56.640 [FXGL Background Thread 3 ] DEBUG Engine               - fontMono: TerminalLandMono-Regular.otf
17:39:56.641 [FXGL Background Thread 3 ] DEBUG Engine               - fontText: Courier-Prime.ttf
17:39:56.641 [FXGL Background Thread 3 ] DEBUG Engine               - fontUI: VarelaRound-Regular.ttf
17:39:56.641 [FXGL Background Thread 3 ] DEBUG Engine               - fullScreen: BooleanProperty [value: false]
17:39:56.641 [FXGL Background Thread 3 ] DEBUG Engine               - gameDifficulty: MEDIUM
17:39:56.642 [FXGL Background Thread 3 ] DEBUG Engine               - gameDifficultyProperty: ObjectProperty [value: MEDIUM]
17:39:56.642 [FXGL Background Thread 3 ] DEBUG Engine               - globalMusicVolume: 0.5
17:39:56.642 [FXGL Background Thread 3 ] DEBUG Engine               - globalMusicVolumeProperty: DoubleProperty [value: 0.1]
17:39:56.642 [FXGL Background Thread 3 ] DEBUG Engine               - globalSoundVolume: 0.5
17:39:56.643 [FXGL Background Thread 3 ] DEBUG Engine               - globalSoundVolumeProperty: DoubleProperty [value: 0.1]
17:39:56.643 [FXGL Background Thread 3 ] DEBUG Engine               - height: 640
17:39:56.644 [FXGL Background Thread 3 ] DEBUG Engine               - is3D: false
17:39:56.644 [FXGL Background Thread 3 ] DEBUG Engine               - isAndroid: false
17:39:56.644 [FXGL Background Thread 3 ] DEBUG Engine               - isBrowser: false
17:39:56.644 [FXGL Background Thread 3 ] DEBUG Engine               - isClickFeedbackEnabled: false
17:39:56.644 [FXGL Background Thread 3 ] DEBUG Engine               - isCloseConfirmation: false
17:39:56.644 [FXGL Background Thread 3 ] DEBUG Engine               - isDesktop: true
17:39:56.644 [FXGL Background Thread 3 ] DEBUG Engine               - isDeveloperMenuEnabled: false
17:39:56.645 [FXGL Background Thread 3 ] DEBUG Engine               - isEmbedded: false
17:39:56.645 [FXGL Background Thread 3 ] DEBUG Engine               - isEntityPreloadEnabled: true
17:39:56.646 [FXGL Background Thread 3 ] DEBUG Engine               - isExperimentalTiledLargeMap: false
17:39:56.646 [FXGL Background Thread 3 ] DEBUG Engine               - isFileSystemWriteAllowed: true
17:39:56.646 [FXGL Background Thread 3 ] DEBUG Engine               - isFullScreenAllowed: false
17:39:56.646 [FXGL Background Thread 3 ] DEBUG Engine               - isFullScreenFromStart: false
17:39:56.646 [FXGL Background Thread 3 ] DEBUG Engine               - isGameMenuEnabled: true
17:39:56.646 [FXGL Background Thread 3 ] DEBUG Engine               - isIOS: false
17:39:56.647 [FXGL Background Thread 3 ] DEBUG Engine               - isIntroEnabled: false
17:39:56.647 [FXGL Background Thread 3 ] DEBUG Engine               - isLinux: false
17:39:56.648 [FXGL Background Thread 3 ] DEBUG Engine               - isMac: false
17:39:56.648 [FXGL Background Thread 3 ] DEBUG Engine               - isMainMenuEnabled: false
17:39:56.648 [FXGL Background Thread 3 ] DEBUG Engine               - isManualResizeEnabled: false
17:39:56.648 [FXGL Background Thread 3 ] DEBUG Engine               - isMobile: false
17:39:56.648 [FXGL Background Thread 3 ] DEBUG Engine               - isNative: false
17:39:56.648 [FXGL Background Thread 3 ] DEBUG Engine               - isPauseMusicWhenMinimized: true
17:39:56.648 [FXGL Background Thread 3 ] DEBUG Engine               - isPreserveResizeRatio: false
17:39:56.649 [FXGL Background Thread 3 ] DEBUG Engine               - isProfilingEnabled: false
17:39:56.649 [FXGL Background Thread 3 ] DEBUG Engine               - isScaleAffectedOnResize: true
17:39:56.649 [FXGL Background Thread 3 ] DEBUG Engine               - isSingleStep: false
17:39:56.649 [FXGL Background Thread 3 ] DEBUG Engine               - isUserProfileEnabled: false
17:39:56.650 [FXGL Background Thread 3 ] DEBUG Engine               - isWindows: true
17:39:56.651 [FXGL Background Thread 3 ] DEBUG Engine               - language: ObjectProperty [value: ENGLISH]
17:39:56.651 [FXGL Background Thread 3 ] DEBUG Engine               - menuKey: ESCAPE
17:39:56.651 [FXGL Background Thread 3 ] DEBUG Engine               - mouseSensitivity: 0.2
17:39:56.651 [FXGL Background Thread 3 ] DEBUG Engine               - notificationViewClass: class com.almasb.fxgl.notification.view.XboxNotificationView
17:39:56.651 [FXGL Background Thread 3 ] DEBUG Engine               - pixelsPerMeter: 50.0
17:39:56.651 [FXGL Background Thread 3 ] DEBUG Engine               - platform: WINDOWS
17:39:56.652 [FXGL Background Thread 3 ] DEBUG Engine               - prefHeightProperty: ReadOnlyDoubleProperty [value: 640.0]
17:39:56.652 [FXGL Background Thread 3 ] DEBUG Engine               - prefWidthProperty: ReadOnlyDoubleProperty [value: 960.0]
17:39:56.652 [FXGL Background Thread 3 ] DEBUG Engine               - profileDir: profiles/
17:39:56.652 [FXGL Background Thread 3 ] DEBUG Engine               - profileName: StringProperty [value: DEFAULT]
17:39:56.653 [FXGL Background Thread 3 ] DEBUG Engine               - randomSeed: -1
17:39:56.655 [FXGL Background Thread 3 ] DEBUG Engine               - runtimeInfo: RuntimeInfo(platform=WINDOWS, version=17.1, build=24.03.2022 17.34)
17:39:56.655 [FXGL Background Thread 3 ] DEBUG Engine               - saveFileExt: sav
17:39:56.655 [FXGL Background Thread 3 ] DEBUG Engine               - scaledHeightProp$fxgl: DoubleProperty [bound, value: 640.0]
17:39:56.656 [FXGL Background Thread 3 ] DEBUG Engine               - scaledWidthProp$fxgl: DoubleProperty [bound, value: 960.0]
17:39:56.656 [FXGL Background Thread 3 ] DEBUG Engine               - sceneFactory: com.almasb.fxgl.app.scene.SceneFactory@3782cc10
17:39:56.656 [FXGL Background Thread 3 ] DEBUG Engine               - secondsIn24h: 60
17:39:56.656 [FXGL Background Thread 3 ] DEBUG Engine               - soundMenuBack: menu/back.wav
17:39:56.657 [FXGL Background Thread 3 ] DEBUG Engine               - soundMenuPress: menu/press.wav
17:39:56.657 [FXGL Background Thread 3 ] DEBUG Engine               - soundMenuSelect: menu/select.wav
17:39:56.657 [FXGL Background Thread 3 ] DEBUG Engine               - soundNotification: core/notification.wav
17:39:56.657 [FXGL Background Thread 3 ] DEBUG Engine               - stageStyle: DECORATED
17:39:56.658 [FXGL Background Thread 3 ] DEBUG Engine               - supportedLanguages: [ENGLISH, FRENCH, GERMAN, HUNGARIAN, RUSSIAN]
17:39:56.658 [FXGL Background Thread 3 ] DEBUG Engine               - ticksPerSecond: -1
17:39:56.658 [FXGL Background Thread 3 ] DEBUG Engine               - title: Logic Road Game
17:39:56.659 [FXGL Background Thread 3 ] DEBUG Engine               - urlGithub: https://github.com/AlmasB/FXGL
17:39:56.659 [FXGL Background Thread 3 ] DEBUG Engine               - urlLeaderboard: http://fxgl-top.herokuapp.com/
17:39:56.659 [FXGL Background Thread 3 ] DEBUG Engine               - urlPOM: https://raw.githubusercontent.com/AlmasB/FXGL/release/README.md
17:39:56.660 [FXGL Background Thread 3 ] DEBUG Engine               - userAppClass: class org.example.Main
17:39:56.660 [FXGL Background Thread 3 ] DEBUG Engine               - version: 0.1
17:39:56.660 [FXGL Background Thread 3 ] DEBUG Engine               - versionCheckDays: 7
17:39:56.660 [FXGL Background Thread 3 ] DEBUG Engine               - width: 960
17:39:56.660 [FXGL Background Thread 3 ] DEBUG Engine               - Logging services
17:39:56.661 [FXGL Background Thread 3 ] DEBUG Engine               - class com.almasb.fxgl.app.services.FXGLAssetLoaderService
17:39:56.661 [FXGL Background Thread 3 ] DEBUG Engine               - class com.almasb.fxgl.app.FXGLApplication$GameApplicationService
17:39:56.661 [FXGL Background Thread 3 ] DEBUG Engine               - class com.almasb.fxgl.app.services.FXGLDialogService
17:39:56.661 [FXGL Background Thread 3 ] DEBUG Engine               - class com.almasb.fxgl.app.services.IOTaskExecutorService
17:39:56.661 [FXGL Background Thread 3 ] DEBUG Engine               - class com.almasb.fxgl.io.FileSystemService
17:39:56.661 [FXGL Background Thread 3 ] DEBUG Engine               - class com.almasb.fxgl.localization.LocalizationService
17:39:56.662 [FXGL Background Thread 3 ] DEBUG Engine               - class com.almasb.fxgl.app.services.SystemBundleService
17:39:56.662 [FXGL Background Thread 3 ] DEBUG Engine               - class com.almasb.fxgl.profile.SaveLoadService
17:39:56.662 [FXGL Background Thread 3 ] DEBUG Engine               - class com.almasb.fxgl.ui.FXGLUIFactoryServiceProvider
17:39:56.662 [FXGL Background Thread 3 ] DEBUG Engine               - class com.almasb.fxgl.ui.FXGLDialogFactoryServiceProvider
17:39:56.663 [FXGL Background Thread 3 ] DEBUG Engine               - class com.almasb.fxgl.audio.AudioPlayer
17:39:56.663 [FXGL Background Thread 3 ] DEBUG Engine               - class com.almasb.fxgl.notification.impl.NotificationServiceProvider
17:39:56.663 [FXGL Background Thread 3 ] DEBUG Engine               - class com.almasb.fxgl.achievement.AchievementService
17:39:56.663 [FXGL Background Thread 3 ] DEBUG Engine               - class com.almasb.fxgl.cutscene.CutsceneService
17:39:56.663 [FXGL Background Thread 3 ] DEBUG Engine               - class com.almasb.fxgl.minigames.MiniGameService
17:39:56.664 [FXGL Background Thread 3 ] DEBUG Engine               - class com.almasb.fxgl.net.NetService
17:39:56.664 [FXGL Background Thread 3 ] DEBUG Engine               - class com.almasb.fxgl.app.services.UpdaterService
17:39:56.664 [FXGL Background Thread 3 ] DEBUG Engine               - class com.almasb.fxgl.dev.DevService
17:40:58.469 [JavaFX Application Thread] DEBUG FXGLApplication      - Exiting FXGL
17:40:58.469 [JavaFX Application Thread] DEBUG LoopRunner           - Stopping loop
17:40:58.470 [JavaFX Application Thread] DEBUG SystemBundleService  - Saving FXGL system data
17:40:58.473 [JavaFX Application Thread] DEBUG FileSystemAccess     - Writing to: C:\Users\梁仲乐\Desktop\学习\软件开发\2021-2022 Spring\GameCopy0527\system\fxgl.bundle
17:40:58.476 [JavaFX Application Thread] DEBUG Async                - Shutting down background threads
17:40:58.476 [JavaFX Application Thread] DEBUG PrimaryStageWindow   - Closing main window
17:40:58.516 [JavaFX Application Thread] DEBUG Logger               - Closing Logger
