19:11:50.503 [main                     ] DEBUG Logger               - Configured Logger
19:11:50.526 [main                     ] DEBUG GameApplication      - Logging settings
Title: Logic Road Game
Version: 0.1
Width: 960
Height: 640
Fullscreen: false
Intro: false
Profiling: false
Single step:false
App Mode: DEVELOPER
Menu Key: ESCAPE
Stage Style: DECORATED
Scene Factory: class com.almasb.fxgl.app.scene.SceneFactory

19:11:51.016 [JavaFX Application Thread] DEBUG FXGLApplication      - Initializing FXGL
19:11:51.022 [JavaFX Application Thread] INFO  Engine               - FXGL-17.1 (24.03.2022 17.34) on WINDOWS (J:18.0.1.1 FX:18)
19:11:51.022 [JavaFX Application Thread] DEBUG Engine               - JRE Vendor Name: Oracle Corporation
19:11:51.022 [JavaFX Application Thread] DEBUG Engine               - Running on OS: Windows 10 version 10.0
19:11:51.022 [JavaFX Application Thread] DEBUG Engine               - Architecture: amd64
19:11:51.023 [JavaFX Application Thread] INFO  Engine               - Source code and latest versions at: https://github.com/AlmasB/FXGL
19:11:51.023 [JavaFX Application Thread] INFO  Engine               -       Ask questions and discuss at: https://github.com/AlmasB/FXGL/discussions
19:11:51.023 [JavaFX Application Thread] INFO  Engine               -              Join the FXGL chat at: https://gitter.im/AlmasB/FXGL
19:11:51.162 [JavaFX Application Thread] DEBUG PrimaryStageWindow   - Creating a JavaFX scene
19:11:51.223 [JavaFX Application Thread] DEBUG PrimaryStageWindow   - Target settings size: 960.0 x 640.0
19:11:51.223 [JavaFX Application Thread] DEBUG PrimaryStageWindow   - Scaled scene size:    960.0 x 640.0
19:11:51.224 [JavaFX Application Thread] DEBUG PrimaryStageWindow   - Scaled ratio: (1.0, 1.0)
19:11:51.225 [JavaFX Application Thread] DEBUG PrimaryStageWindow   - Set initial scene to FXGLStartupScene
19:11:51.235 [JavaFX Application Thread] DEBUG PrimaryStageWindow   - Opening main window
19:11:51.363 [JavaFX Application Thread] DEBUG PrimaryStageWindow   - Window border size: (13.0, 35.5)
19:11:51.363 [JavaFX Application Thread] DEBUG PrimaryStageWindow   - Scaled size: 960.0 x 640.0
19:11:51.363 [JavaFX Application Thread] DEBUG PrimaryStageWindow   - Scaled ratio: (1.0, 1.0)
19:11:51.364 [JavaFX Application Thread] DEBUG PrimaryStageWindow   - Scene size: 960.0 x 640.0
19:11:51.364 [JavaFX Application Thread] DEBUG PrimaryStageWindow   - Stage size: 973.0 x 675.5
19:11:51.378 [FXGL Background Thread 1 ] DEBUG Engine               - Initializing environment variables
19:11:51.457 [FXGL Background Thread 1 ] DEBUG FXGLAssetLoaderServi - User app class for loading assets: class org.example.Main
19:11:51.457 [FXGL Background Thread 1 ] DEBUG GameApplicationServi - Applying CSS: fxgl_dark.css
19:11:51.458 [FXGL Background Thread 1 ] DEBUG FXGLAssetLoaderServi - Loading from file system: jar:file:/C:/Users/%e6%a2%81%e4%bb%b2%e4%b9%90/.m2/repository/com/github/almasb/fxgl/17.1/fxgl-17.1.jar!/fxglassets/ui/css/fxgl_dark.css
19:11:51.523 [FXGL Background Thread 1 ] DEBUG GameApplicationServi - Initializing application scenes
19:11:51.608 [FXGL Background Thread 1 ] DEBUG GameWorld            - Game world initialized
19:11:51.674 [FXGL Background Thread 1 ] DEBUG PhysicsWorld         - Physics world initialized: appHeight=640, physics.ppm=50.0
19:11:51.675 [FXGL Background Thread 1 ] DEBUG PhysicsWorld         - Using strategy: BRUTE_FORCE
19:11:51.678 [FXGL Background Thread 1 ] DEBUG GameScene            - Game scene initialized: 960x640
19:11:51.691 [FXGL Background Thread 1 ] DEBUG FXGL.DefaultMenu     - createMenuBodyGameMenu()
19:11:51.710 [FXGL Background Thread 1 ] DEBUG FXGL.DefaultMenu     - createOptionsMenu()
19:11:51.729 [FXGL Background Thread 1 ] DEBUG FXGLAssetLoaderServi - Loading from file system: jar:file:/C:/Users/%e6%a2%81%e4%bb%b2%e4%b9%90/.m2/repository/com/github/almasb/fxgl/17.1/fxgl-17.1.jar!/fxglassets/textures/particles/smoke.png
19:11:51.834 [FXGL Background Thread 1 ] DEBUG FXGLAssetLoaderServi - Loading from file system: jar:file:/C:/Users/%e6%a2%81%e4%bb%b2%e4%b9%90/.m2/repository/com/github/almasb/fxgl/17.1/fxgl-17.1.jar!/fxglassets/textures/particles/trace_horizontal.png
19:11:51.863 [FXGL Background Thread 1 ] DEBUG GameApplicationServi - Application scenes initialized
19:11:51.874 [FXGL Background Thread 1 ] DEBUG SystemBundleService  - Loading FXGL system data
19:11:51.878 [FXGL Background Thread 1 ] DEBUG FileSystemAccess     - Reading from: C:\Users\梁仲乐\Desktop\学习\软件开发\2021-2022 Spring\GameCopy0527\system\fxgl.bundle
19:11:51.886 [FXGL Background Thread 1 ] DEBUG SystemBundleService  - Bundle FXGL: {}
19:11:51.886 [FXGL Background Thread 1 ] DEBUG UpdaterService       - Checking for updates
19:11:51.890 [FXGL Background Thread 4 ] DEBUG FXGLApplication      - Loading fonts
19:11:51.890 [FXGL Background Thread 4 ] DEBUG FXGLAssetLoaderServi - Loading from file system: jar:file:/C:/Users/%e6%a2%81%e4%bb%b2%e4%b9%90/.m2/repository/com/github/almasb/fxgl/17.1/fxgl-17.1.jar!/fxglassets/ui/fonts/VarelaRound-Regular.ttf
19:11:51.890 [FXGL Background Thread 1 ] DEBUG FXGLApplication      - Loading default localization
19:11:51.891 [FXGL Background Thread 1 ] DEBUG FXGLAssetLoaderServi - Loading from file system: jar:file:/C:/Users/%e6%a2%81%e4%bb%b2%e4%b9%90/.m2/repository/com/github/almasb/fxgl/17.1/fxgl-17.1.jar!/fxglassets/languages/english.lang
19:11:51.910 [FXGL Background Thread 1 ] INFO  FXGLApplication      - FXGL initialization took: 0.532 sec
19:11:51.912 [JavaFX Application Thread] DEBUG FXGLAssetLoaderServi - Loading from file system: file:/C:/Users/%e6%a2%81%e4%bb%b2%e4%b9%90/Desktop/%e5%ad%a6%e4%b9%a0/%e8%bd%af%e4%bb%b6%e5%bc%80%e5%8f%91/2021-2022%20Spring/GameCopy0527/target/classes/assets/textures/ui/icon.png
19:11:51.938 [JavaFX Application Thread] DEBUG FXGLAssetLoaderServi - Loading from file system: jar:file:/C:/Users/%e6%a2%81%e4%bb%b2%e4%b9%90/.m2/repository/com/github/almasb/fxgl/17.1/fxgl-17.1.jar!/fxglassets/textures/fxgl_default_cursor.png
19:11:51.958 [JavaFX Application Thread] DEBUG Input                - Registered new binding: Screenshot - CTRL+8
19:11:51.960 [JavaFX Application Thread] DEBUG Input                - Registered new binding: System info dump - CTRL+9
19:11:51.962 [JavaFX Application Thread] DEBUG Input                - Registered new binding: Restart - CTRL+R
19:11:51.963 [JavaFX Application Thread] DEBUG Input                - Registered new binding: Toggle Debug Camera - CTRL+7
19:11:51.967 [JavaFX Application Thread] DEBUG LoopRunner           - Starting loop
19:11:51.968 [JavaFX Application Thread] DEBUG LoopRunner           - Initializing JavaFX AnimationTimerLoop
19:11:51.970 [JavaFX Application Thread] DEBUG GameApplicationServi - Starting new game
19:11:51.971 [JavaFX Application Thread] DEBUG Input                - Clearing active input actions
19:11:51.988 [JavaFX Application Thread] DEBUG GameApplicationServi - Removing overlay from FXGLStartupScene and adding to FXGLLoadingScene
19:11:51.988 [JavaFX Application Thread] DEBUG PrimaryStageWindow   - FXGLStartupScene -> FXGLLoadingScene
19:11:51.988 [JavaFX Application Thread] DEBUG GameApplicationServi - Clearing previous game
19:11:51.988 [JavaFX Application Thread] DEBUG GameScene            - Clearing game scene
19:11:51.988 [JavaFX Application Thread] DEBUG GameWorld            - Clearing game world
19:11:51.988 [JavaFX Application Thread] DEBUG PhysicsWorld         - Clearing physics world
19:11:51.993 [FXGL Background Thread 1 ] DEBUG FXGLApplication      - Initializing game
19:11:52.003 [FXGL Background Thread 1 ] DEBUG FXGLAssetLoaderServi - Loading from file system: file:/C:/Users/%e6%a2%81%e4%bb%b2%e4%b9%90/Desktop/%e5%ad%a6%e4%b9%a0/%e8%bd%af%e4%bb%b6%e5%bc%80%e5%8f%91/2021-2022%20Spring/GameCopy0527/target/classes/assets/textures/accessory/box.png
19:11:52.316 [FXGL Background Thread 1 ] DEBUG FXGLAssetLoaderServi - Loading JSON from: file:/C:/Users/%e6%a2%81%e4%bb%b2%e4%b9%90/Desktop/%e5%ad%a6%e4%b9%a0/%e8%bd%af%e4%bb%b6%e5%bc%80%e5%8f%91/2021-2022%20Spring/GameCopy0527/target/classes/assets/data/levelInfo.json
19:11:52.323 [FXGL Background Thread 4 ] DEBUG FXGLAssetLoaderServi - Loading from file system: jar:file:/C:/Users/%e6%a2%81%e4%bb%b2%e4%b9%90/.m2/repository/com/github/almasb/fxgl/17.1/fxgl-17.1.jar!/fxglassets/ui/fonts/Abel-Regular.ttf
19:11:52.347 [FXGL Background Thread 4 ] DEBUG FXGLAssetLoaderServi - Loading from file system: jar:file:/C:/Users/%e6%a2%81%e4%bb%b2%e4%b9%90/.m2/repository/com/github/almasb/fxgl/17.1/fxgl-17.1.jar!/fxglassets/ui/fonts/TerminalLandMono-Regular.otf
19:11:52.356 [FXGL Background Thread 4 ] DEBUG FXGLAssetLoaderServi - Loading from file system: jar:file:/C:/Users/%e6%a2%81%e4%bb%b2%e4%b9%90/.m2/repository/com/github/almasb/fxgl/17.1/fxgl-17.1.jar!/fxglassets/ui/fonts/Courier-Prime.ttf
19:11:52.367 [JavaFX Application Thread] DEBUG FXGLApplication      - Registering font factories with UI factory
19:11:52.774 [FXGL Background Thread 1 ] DEBUG FXGLAssetLoaderServi - Loading from file system: file:/C:/Users/%e6%a2%81%e4%bb%b2%e4%b9%90/Desktop/%e5%ad%a6%e4%b9%a0/%e8%bd%af%e4%bb%b6%e5%bc%80%e5%8f%91/2021-2022%20Spring/GameCopy0527/target/classes/assets/textures/accessory/Bottom.png
19:11:52.874 [FXGL Background Thread 1 ] DEBUG FXGLAssetLoaderServi - Loading from file system: file:/C:/Users/%e6%a2%81%e4%bb%b2%e4%b9%90/Desktop/%e5%ad%a6%e4%b9%a0/%e8%bd%af%e4%bb%b6%e5%bc%80%e5%8f%91/2021-2022%20Spring/GameCopy0527/target/classes/assets/textures/accessory/starting_point.png
19:11:52.892 [FXGL Background Thread 1 ] DEBUG FXGLAssetLoaderServi - Loading from file system: file:/C:/Users/%e6%a2%81%e4%bb%b2%e4%b9%90/Desktop/%e5%ad%a6%e4%b9%a0/%e8%bd%af%e4%bb%b6%e5%bc%80%e5%8f%91/2021-2022%20Spring/GameCopy0527/target/classes/assets/textures/accessory/ending_point.png
19:11:52.906 [FXGL Background Thread 1 ] DEBUG FXGLAssetLoaderServi - Loading from file system: file:/C:/Users/%e6%a2%81%e4%bb%b2%e4%b9%90/Desktop/%e5%ad%a6%e4%b9%a0/%e8%bd%af%e4%bb%b6%e5%bc%80%e5%8f%91/2021-2022%20Spring/GameCopy0527/target/classes/assets/textures/accessory/cross2.png
19:11:52.928 [FXGL Background Thread 1 ] DEBUG FXGLAssetLoaderServi - Loading from file system: file:/C:/Users/%e6%a2%81%e4%bb%b2%e4%b9%90/Desktop/%e5%ad%a6%e4%b9%a0/%e8%bd%af%e4%bb%b6%e5%bc%80%e5%8f%91/2021-2022%20Spring/GameCopy0527/target/classes/assets/textures/accessory/hyperbola.png
19:11:52.942 [FXGL Background Thread 1 ] DEBUG FXGLAssetLoaderServi - Loading from file system: file:/C:/Users/%e6%a2%81%e4%bb%b2%e4%b9%90/Desktop/%e5%ad%a6%e4%b9%a0/%e8%bd%af%e4%bb%b6%e5%bc%80%e5%8f%91/2021-2022%20Spring/GameCopy0527/target/classes/assets/textures/accessory/arc.png
19:11:52.948 [FXGL Background Thread 1 ] DEBUG FXGLAssetLoaderServi - Loading from file system: file:/C:/Users/%e6%a2%81%e4%bb%b2%e4%b9%90/Desktop/%e5%ad%a6%e4%b9%a0/%e8%bd%af%e4%bb%b6%e5%bc%80%e5%8f%91/2021-2022%20Spring/GameCopy0527/target/classes/assets/textures/ui/start.png
19:11:52.957 [FXGL Background Thread 1 ] INFO  FXGLApplication      - Game initialization took: 0.965 sec
19:11:52.967 [JavaFX Application Thread] DEBUG Input                - Clearing active input actions
19:11:52.988 [JavaFX Application Thread] DEBUG GameApplicationServi - Removing overlay from FXGLLoadingScene and adding to GameScene
19:11:52.989 [JavaFX Application Thread] DEBUG PrimaryStageWindow   - FXGLLoadingScene -> GameScene
19:11:54.890 [FXGL Background Thread 3 ] DEBUG Engine               - Logging environment variables
19:11:54.890 [FXGL Background Thread 3 ] DEBUG Engine               - achievements: []
19:11:54.890 [FXGL Background Thread 3 ] DEBUG Engine               - actualHeight: 640.0
19:11:54.890 [FXGL Background Thread 3 ] DEBUG Engine               - actualHeightProperty: ReadOnlyDoubleProperty [value: 640.0]
19:11:54.890 [FXGL Background Thread 3 ] DEBUG Engine               - actualWidth: 960.0
19:11:54.891 [FXGL Background Thread 3 ] DEBUG Engine               - actualWidthProperty: ReadOnlyDoubleProperty [value: 960.0]
19:11:54.891 [FXGL Background Thread 3 ] DEBUG Engine               - appIcon: ui/icon.png
19:11:54.891 [FXGL Background Thread 3 ] DEBUG Engine               - applicationMode: DEVELOPER
19:11:54.891 [FXGL Background Thread 3 ] DEBUG Engine               - cSSList: [fxgl_dark.css]
19:11:54.891 [FXGL Background Thread 3 ] DEBUG Engine               - collisionDetectionStrategy: BRUTE_FORCE
19:11:54.891 [FXGL Background Thread 3 ] DEBUG Engine               - configClass: Optional.empty
19:11:54.891 [FXGL Background Thread 3 ] DEBUG Engine               - credits: []
19:11:54.891 [FXGL Background Thread 3 ] DEBUG Engine               - defaultCursor: CursorInfo(imageName=fxgl_default_cursor.png, hotspotX=7.0, hotspotY=6.0)
19:11:54.891 [FXGL Background Thread 3 ] DEBUG Engine               - devBBoxColorProperty: ObjectProperty [value: 0xff0000ff]
19:11:54.891 [FXGL Background Thread 3 ] DEBUG Engine               - devEnableDebugCameraProperty: BooleanProperty [value: false]
19:11:54.892 [FXGL Background Thread 3 ] DEBUG Engine               - devSensorColorProperty: ObjectProperty [value: 0xffff00ff]
19:11:54.892 [FXGL Background Thread 3 ] DEBUG Engine               - devShowBBoxProperty: BooleanProperty [value: false]
19:11:54.892 [FXGL Background Thread 3 ] DEBUG Engine               - devShowPositionProperty: BooleanProperty [value: false]
19:11:54.892 [FXGL Background Thread 3 ] DEBUG Engine               - enabledMenuItems: []
19:11:54.892 [FXGL Background Thread 3 ] DEBUG Engine               - engineServices: [class com.almasb.fxgl.app.services.FXGLAssetLoaderService, class com.almasb.fxgl.app.FXGLApplication$GameApplicationService, class com.almasb.fxgl.app.services.FXGLDialogService, class com.almasb.fxgl.app.services.IOTaskExecutorService, class com.almasb.fxgl.io.FileSystemService, class com.almasb.fxgl.localization.LocalizationService, class com.almasb.fxgl.app.services.SystemBundleService, class com.almasb.fxgl.profile.SaveLoadService, class com.almasb.fxgl.ui.FXGLUIFactoryServiceProvider, class com.almasb.fxgl.ui.FXGLDialogFactoryServiceProvider, class com.almasb.fxgl.audio.AudioPlayer, class com.almasb.fxgl.notification.impl.NotificationServiceProvider, class com.almasb.fxgl.achievement.AchievementService, class com.almasb.fxgl.cutscene.CutsceneService, class com.almasb.fxgl.minigames.MiniGameService, class com.almasb.fxgl.net.NetService, class com.almasb.fxgl.app.services.UpdaterService, class com.almasb.fxgl.dev.DevService]
19:11:54.892 [FXGL Background Thread 3 ] DEBUG Engine               - fontGame: Abel-Regular.ttf
19:11:54.892 [FXGL Background Thread 3 ] DEBUG Engine               - fontMono: TerminalLandMono-Regular.otf
19:11:54.892 [FXGL Background Thread 3 ] DEBUG Engine               - fontText: Courier-Prime.ttf
19:11:54.892 [FXGL Background Thread 3 ] DEBUG Engine               - fontUI: VarelaRound-Regular.ttf
19:11:54.892 [FXGL Background Thread 3 ] DEBUG Engine               - fullScreen: BooleanProperty [value: false]
19:11:54.892 [FXGL Background Thread 3 ] DEBUG Engine               - gameDifficulty: MEDIUM
19:11:54.892 [FXGL Background Thread 3 ] DEBUG Engine               - gameDifficultyProperty: ObjectProperty [value: MEDIUM]
19:11:54.892 [FXGL Background Thread 3 ] DEBUG Engine               - globalMusicVolume: 0.5
19:11:54.893 [FXGL Background Thread 3 ] DEBUG Engine               - globalMusicVolumeProperty: DoubleProperty [value: 0.1]
19:11:54.893 [FXGL Background Thread 3 ] DEBUG Engine               - globalSoundVolume: 0.5
19:11:54.893 [FXGL Background Thread 3 ] DEBUG Engine               - globalSoundVolumeProperty: DoubleProperty [value: 0.1]
19:11:54.893 [FXGL Background Thread 3 ] DEBUG Engine               - height: 640
19:11:54.893 [FXGL Background Thread 3 ] DEBUG Engine               - is3D: false
19:11:54.893 [FXGL Background Thread 3 ] DEBUG Engine               - isAndroid: false
19:11:54.893 [FXGL Background Thread 3 ] DEBUG Engine               - isBrowser: false
19:11:54.893 [FXGL Background Thread 3 ] DEBUG Engine               - isClickFeedbackEnabled: false
19:11:54.893 [FXGL Background Thread 3 ] DEBUG Engine               - isCloseConfirmation: false
19:11:54.893 [FXGL Background Thread 3 ] DEBUG Engine               - isDesktop: true
19:11:54.893 [FXGL Background Thread 3 ] DEBUG Engine               - isDeveloperMenuEnabled: false
19:11:54.893 [FXGL Background Thread 3 ] DEBUG Engine               - isEmbedded: false
19:11:54.893 [FXGL Background Thread 3 ] DEBUG Engine               - isEntityPreloadEnabled: true
19:11:54.893 [FXGL Background Thread 3 ] DEBUG Engine               - isExperimentalTiledLargeMap: false
19:11:54.893 [FXGL Background Thread 3 ] DEBUG Engine               - isFileSystemWriteAllowed: true
19:11:54.893 [FXGL Background Thread 3 ] DEBUG Engine               - isFullScreenAllowed: false
19:11:54.893 [FXGL Background Thread 3 ] DEBUG Engine               - isFullScreenFromStart: false
19:11:54.893 [FXGL Background Thread 3 ] DEBUG Engine               - isGameMenuEnabled: true
19:11:54.893 [FXGL Background Thread 3 ] DEBUG Engine               - isIOS: false
19:11:54.894 [FXGL Background Thread 3 ] DEBUG Engine               - isIntroEnabled: false
19:11:54.894 [FXGL Background Thread 3 ] DEBUG Engine               - isLinux: false
19:11:54.895 [FXGL Background Thread 3 ] DEBUG Engine               - isMac: false
19:11:54.895 [FXGL Background Thread 3 ] DEBUG Engine               - isMainMenuEnabled: false
19:11:54.895 [FXGL Background Thread 3 ] DEBUG Engine               - isManualResizeEnabled: false
19:11:54.895 [FXGL Background Thread 3 ] DEBUG Engine               - isMobile: false
19:11:54.895 [FXGL Background Thread 3 ] DEBUG Engine               - isNative: false
19:11:54.895 [FXGL Background Thread 3 ] DEBUG Engine               - isPauseMusicWhenMinimized: true
19:11:54.895 [FXGL Background Thread 3 ] DEBUG Engine               - isPreserveResizeRatio: false
19:11:54.895 [FXGL Background Thread 3 ] DEBUG Engine               - isProfilingEnabled: false
19:11:54.895 [FXGL Background Thread 3 ] DEBUG Engine               - isScaleAffectedOnResize: true
19:11:54.895 [FXGL Background Thread 3 ] DEBUG Engine               - isSingleStep: false
19:11:54.895 [FXGL Background Thread 3 ] DEBUG Engine               - isUserProfileEnabled: false
19:11:54.895 [FXGL Background Thread 3 ] DEBUG Engine               - isWindows: true
19:11:54.895 [FXGL Background Thread 3 ] DEBUG Engine               - language: ObjectProperty [value: ENGLISH]
19:11:54.895 [FXGL Background Thread 3 ] DEBUG Engine               - menuKey: ESCAPE
19:11:54.895 [FXGL Background Thread 3 ] DEBUG Engine               - mouseSensitivity: 0.2
19:11:54.895 [FXGL Background Thread 3 ] DEBUG Engine               - notificationViewClass: class com.almasb.fxgl.notification.view.XboxNotificationView
19:11:54.895 [FXGL Background Thread 3 ] DEBUG Engine               - pixelsPerMeter: 50.0
19:11:54.895 [FXGL Background Thread 3 ] DEBUG Engine               - platform: WINDOWS
19:11:54.895 [FXGL Background Thread 3 ] DEBUG Engine               - prefHeightProperty: ReadOnlyDoubleProperty [value: 640.0]
19:11:54.895 [FXGL Background Thread 3 ] DEBUG Engine               - prefWidthProperty: ReadOnlyDoubleProperty [value: 960.0]
19:11:54.895 [FXGL Background Thread 3 ] DEBUG Engine               - profileDir: profiles/
19:11:54.895 [FXGL Background Thread 3 ] DEBUG Engine               - profileName: StringProperty [value: DEFAULT]
19:11:54.895 [FXGL Background Thread 3 ] DEBUG Engine               - randomSeed: -1
19:11:54.895 [FXGL Background Thread 3 ] DEBUG Engine               - runtimeInfo: RuntimeInfo(platform=WINDOWS, version=17.1, build=24.03.2022 17.34)
19:11:54.895 [FXGL Background Thread 3 ] DEBUG Engine               - saveFileExt: sav
19:11:54.895 [FXGL Background Thread 3 ] DEBUG Engine               - scaledHeightProp$fxgl: DoubleProperty [bound, value: 640.0]
19:11:54.895 [FXGL Background Thread 3 ] DEBUG Engine               - scaledWidthProp$fxgl: DoubleProperty [bound, value: 960.0]
19:11:54.895 [FXGL Background Thread 3 ] DEBUG Engine               - sceneFactory: com.almasb.fxgl.app.scene.SceneFactory@7e17a6ea
19:11:54.895 [FXGL Background Thread 3 ] DEBUG Engine               - secondsIn24h: 60
19:11:54.895 [FXGL Background Thread 3 ] DEBUG Engine               - soundMenuBack: menu/back.wav
19:11:54.895 [FXGL Background Thread 3 ] DEBUG Engine               - soundMenuPress: menu/press.wav
19:11:54.896 [FXGL Background Thread 3 ] DEBUG Engine               - soundMenuSelect: menu/select.wav
19:11:54.896 [FXGL Background Thread 3 ] DEBUG Engine               - soundNotification: core/notification.wav
19:11:54.897 [FXGL Background Thread 3 ] DEBUG Engine               - stageStyle: DECORATED
19:11:54.897 [FXGL Background Thread 3 ] DEBUG Engine               - supportedLanguages: [ENGLISH, FRENCH, GERMAN, HUNGARIAN, RUSSIAN]
19:11:54.897 [FXGL Background Thread 3 ] DEBUG Engine               - ticksPerSecond: -1
19:11:54.897 [FXGL Background Thread 3 ] DEBUG Engine               - title: Logic Road Game
19:11:54.897 [FXGL Background Thread 3 ] DEBUG Engine               - urlGithub: https://github.com/AlmasB/FXGL
19:11:54.897 [FXGL Background Thread 3 ] DEBUG Engine               - urlLeaderboard: http://fxgl-top.herokuapp.com/
19:11:54.897 [FXGL Background Thread 3 ] DEBUG Engine               - urlPOM: https://raw.githubusercontent.com/AlmasB/FXGL/release/README.md
19:11:54.897 [FXGL Background Thread 3 ] DEBUG Engine               - userAppClass: class org.example.Main
19:11:54.897 [FXGL Background Thread 3 ] DEBUG Engine               - version: 0.1
19:11:54.897 [FXGL Background Thread 3 ] DEBUG Engine               - versionCheckDays: 7
19:11:54.897 [FXGL Background Thread 3 ] DEBUG Engine               - width: 960
19:11:54.897 [FXGL Background Thread 3 ] DEBUG Engine               - Logging services
19:11:54.897 [FXGL Background Thread 3 ] DEBUG Engine               - class com.almasb.fxgl.app.services.FXGLAssetLoaderService
19:11:54.897 [FXGL Background Thread 3 ] DEBUG Engine               - class com.almasb.fxgl.app.FXGLApplication$GameApplicationService
19:11:54.897 [FXGL Background Thread 3 ] DEBUG Engine               - class com.almasb.fxgl.app.services.FXGLDialogService
19:11:54.897 [FXGL Background Thread 3 ] DEBUG Engine               - class com.almasb.fxgl.app.services.IOTaskExecutorService
19:11:54.897 [FXGL Background Thread 3 ] DEBUG Engine               - class com.almasb.fxgl.io.FileSystemService
19:11:54.897 [FXGL Background Thread 3 ] DEBUG Engine               - class com.almasb.fxgl.localization.LocalizationService
19:11:54.897 [FXGL Background Thread 3 ] DEBUG Engine               - class com.almasb.fxgl.app.services.SystemBundleService
19:11:54.897 [FXGL Background Thread 3 ] DEBUG Engine               - class com.almasb.fxgl.profile.SaveLoadService
19:11:54.897 [FXGL Background Thread 3 ] DEBUG Engine               - class com.almasb.fxgl.ui.FXGLUIFactoryServiceProvider
19:11:54.897 [FXGL Background Thread 3 ] DEBUG Engine               - class com.almasb.fxgl.ui.FXGLDialogFactoryServiceProvider
19:11:54.897 [FXGL Background Thread 3 ] DEBUG Engine               - class com.almasb.fxgl.audio.AudioPlayer
19:11:54.897 [FXGL Background Thread 3 ] DEBUG Engine               - class com.almasb.fxgl.notification.impl.NotificationServiceProvider
19:11:54.897 [FXGL Background Thread 3 ] DEBUG Engine               - class com.almasb.fxgl.achievement.AchievementService
19:11:54.897 [FXGL Background Thread 3 ] DEBUG Engine               - class com.almasb.fxgl.cutscene.CutsceneService
19:11:54.897 [FXGL Background Thread 3 ] DEBUG Engine               - class com.almasb.fxgl.minigames.MiniGameService
19:11:54.897 [FXGL Background Thread 3 ] DEBUG Engine               - class com.almasb.fxgl.net.NetService
19:11:54.897 [FXGL Background Thread 3 ] DEBUG Engine               - class com.almasb.fxgl.app.services.UpdaterService
19:11:54.897 [FXGL Background Thread 3 ] DEBUG Engine               - class com.almasb.fxgl.dev.DevService
19:12:05.076 [JavaFX Application Thread] DEBUG FXGLApplication      - Exiting FXGL
19:12:05.076 [JavaFX Application Thread] DEBUG LoopRunner           - Stopping loop
19:12:05.076 [JavaFX Application Thread] DEBUG SystemBundleService  - Saving FXGL system data
19:12:05.079 [JavaFX Application Thread] DEBUG FileSystemAccess     - Writing to: C:\Users\梁仲乐\Desktop\学习\软件开发\2021-2022 Spring\GameCopy0527\system\fxgl.bundle
19:12:05.083 [JavaFX Application Thread] DEBUG Async                - Shutting down background threads
19:12:05.083 [JavaFX Application Thread] DEBUG PrimaryStageWindow   - Closing main window
19:12:05.097 [JavaFX Application Thread] DEBUG Logger               - Closing Logger
